********************************************************************************
DUPLICATOR-LITE PACKAGE-LOG: August 28, 2018 9:49 am
NOTICE: Do NOT post to public sites or forums 
********************************************************************************
VERSION:	1.2.42
WORDPRESS:	4.9.8
PHP INFO:	7.2.9-1+ubuntu16.04.1+deb.sury.org+1 | SAPI: apache2handler
SERVER:		Apache/2.4.18 (Ubuntu) 
PHP TIME LIMIT: (0) no time limit imposed 
PHP MAX MEMORY: 2048M (128M default) 
MEMORY STACK: 6MB 

********************************************************************************
DATABASE:
********************************************************************************
BUILD MODE:   MYSQLDUMP
MYSQLTIMEOUT: 5000
MYSQLDUMP:    Is Supported 
FILTERED: [] 
RESPONSE: mysqldump: [Warning] Using a password on the command line interface can be insecure.
 
TABLES: total:36 | filtered:0 | create:36 
SQL CREATED: 20180828_dfs13a_384c3d0379e0cf3d8437180828094927_database.sql 
SQL FILE SIZE: 1.49MB (1558681) 
SQL FILE TIME: 2018-08-28 09:49:32 
SQL RUNTIME: 0.14 sec. 

******************************************************************************** 
ARCHIVE (ZIP): 
******************************************************************************** 
ARCHIVE DIR:  /var/www/html 
ARCHIVE FILE: 20180828_dfs13a_384c3d0379e0cf3d8437180828094927_archive.zip 
FILTERS: *OFF* 
DIRS:
	not set 
FILES:
	not set 
EXTS:  not set 
---------------------------------------- 
COMPRESSING 
SIZE:	62.53MB 
STATS:	Dirs 266 | Files 2,585 
SQL ADDED: 20180828_dfs13a_384c3d0379e0cf3d8437180828094927_database.sql 
ZipArchive Object
(
    [status] => 0
    [statusSys] => 0
    [numFiles] => 2851
    [filename] => /var/www/html/wp-snapshots/tmp/20180828_dfs13a_384c3d0379e0cf3d8437180828094927_archive.zip
    [comment] => 
)
 
COMPRESSION RESULT: '1' 
COMPRESSED SIZE: 35.42MB 
ARCHIVE RUNTIME: 11.19 sec. 
MEMORY STACK: 6MB 

******************************************************************************** 
MAKE INSTALLER: 
******************************************************************************** 
Build Start 
Build Finished 
Preping for use 
PACK SIZE:  
Template parsed with new data 
Complete [/var/www/html/wp-snapshots/tmp/20180828_dfs13a_384c3d0379e0cf3d8437180828094927_installer.php] 
Added to archive 

******************************************************************************** 
INTEGRITY CHECKS: 
******************************************************************************** 
SQL File: 1.49MB 
Installer File: 472.44KB 
Archive File: 35.42MB  

********************************************************************************
RECORD ID:[1]
TOTAL PROCESS RUNTIME: 12.34 sec.
PEAK PHP MEMORY USED: 8MB
DONE PROCESSING => 20180828_dfs13a August 28, 2018 9:49 am
 
