********************************************************************************
DUPLICATOR-LITE PACKAGE-LOG: August 28, 2018 2:35 pm
NOTICE: Do NOT post to public sites or forums 
********************************************************************************
VERSION:	1.2.42
WORDPRESS:	4.9.8
PHP INFO:	7.2.9-1+ubuntu16.04.1+deb.sury.org+1 | SAPI: apache2handler
SERVER:		Apache/2.4.18 (Ubuntu) 
PHP TIME LIMIT: (0) no time limit imposed 
PHP MAX MEMORY: 2048M (128M default) 
MEMORY STACK: 2MB 

********************************************************************************
DATABASE:
********************************************************************************
BUILD MODE:   MYSQLDUMP
MYSQLTIMEOUT: 5000
MYSQLDUMP:    Is Supported 
FILTERED: [] 
RESPONSE: mysqldump: [Warning] Using a password on the command line interface can be insecure.
 
TABLES: total:36 | filtered:0 | create:36 
SQL CREATED: 20180828_dfs13a_fb79045c760b29623684180828143519_database.sql 
SQL FILE SIZE: 1.55MB (1626643) 
SQL FILE TIME: 2018-08-28 14:35:25 
SQL RUNTIME: 0.11 sec. 

******************************************************************************** 
ARCHIVE (ZIP): 
******************************************************************************** 
ARCHIVE DIR:  /var/www/html 
ARCHIVE FILE: 20180828_dfs13a_fb79045c760b29623684180828143519_archive.zip 
FILTERS: *OFF* 
DIRS:
	not set 
FILES:
	not set 
EXTS:  not set 
---------------------------------------- 
COMPRESSING 
SIZE:	62.07MB 
STATS:	Dirs 260 | Files 2,518 
SQL ADDED: 20180828_dfs13a_fb79045c760b29623684180828143519_database.sql 
ZipArchive Object
(
    [status] => 0
    [statusSys] => 0
    [numFiles] => 2778
    [filename] => /var/www/html/wp-snapshots/tmp/20180828_dfs13a_fb79045c760b29623684180828143519_archive.zip
    [comment] => 
)
 
COMPRESSION RESULT: '1' 
COMPRESSED SIZE: 35.02MB 
ARCHIVE RUNTIME: 11.82 sec. 
MEMORY STACK: 2MB 

******************************************************************************** 
MAKE INSTALLER: 
******************************************************************************** 
Build Start 
Build Finished 
Preping for use 
PACK SIZE:  
Template parsed with new data 
Complete [/var/www/html/wp-snapshots/tmp/20180828_dfs13a_fb79045c760b29623684180828143519_installer.php] 
Added to archive 

******************************************************************************** 
INTEGRITY CHECKS: 
******************************************************************************** 
SQL File: 1.55MB 
Installer File: 472.44KB 
Archive File: 35.02MB  

********************************************************************************
RECORD ID:[2]
TOTAL PROCESS RUNTIME: 13.08 sec.
PEAK PHP MEMORY USED: 4MB
DONE PROCESSING => 20180828_dfs13a August 28, 2018 2:35 pm
 
